[05/Jun/2019:20:21:49] (ℹ️): WordPress Instance Info:
[05/Jun/2019:20:21:49] (ℹ️): Home URL : http://staging.neoxenos.org
[05/Jun/2019:20:21:49] (ℹ️): Site URL : https://staging.neoxenos.org
[05/Jun/2019:20:21:49] (ℹ️): WordPress Version : 5.2.1
[05/Jun/2019:20:21:49] (ℹ️): Onboarding Version : 1.4.1
[05/Jun/2019:20:21:49] (ℹ️): Multisite : Yes
[05/Jun/2019:20:21:49] (ℹ️): Server Info : Apache
[05/Jun/2019:20:21:49] (ℹ️): PHP Version : 7.3.0
[05/Jun/2019:20:21:49] (ℹ️): HTTPS : Yes
[05/Jun/2019:20:21:49] (ℹ️): PHP Max Execution Time : 120
[05/Jun/2019:20:21:49] (ℹ️): PHP Max Input Vars : 1000
[05/Jun/2019:20:21:49] (ℹ️): Max Upload Size : 41943040
[05/Jun/2019:20:21:49] (ℹ️): Plugins:
[05/Jun/2019:20:21:49] (ℹ️): [PLUGIN] Ultimate Addons for Beaver Builder : v1.14.2 (Brainstorm Force)
[05/Jun/2019:20:21:49] (ℹ️): [PLUGIN] PowerPack for Beaver Builder : v2.6.8.3 (IdeaBox Creations)
[05/Jun/2019:20:21:49] (ℹ️): [PLUGIN] Broken Link Checker : v1.11.8 (ManageWP)
[05/Jun/2019:20:21:49] (ℹ️): [PLUGIN] Page Builder by SiteOrigin : v2.10.5 (SiteOrigin)
[05/Jun/2019:20:21:49] (ℹ️): [PLUGIN] The Events Calendar : v4.9.2 (Modern Tribe, Inc.)
[05/Jun/2019:20:21:49] (ℹ️): [PLUGIN] WordPress Importer : v0.6.4 (wordpressdotorg)
[05/Jun/2019:20:21:49] (ℹ️): [PLUGIN] WP Migrate DB : v1.0.11 (Delicious Brains)
[05/Jun/2019:20:21:49] (ℹ️): [PLUGIN] WP Multi-Network : v2.2.0 (johnjamesjacoby, ddean, BrianLayman, rmccue)
[05/Jun/2019:20:21:49] (ℹ️): [PLUGIN] Network Plugin Auditor : v1.10.1 (Katherine Semel)
[05/Jun/2019:20:21:49] (ℹ️): [PLUGIN] Akismet Anti-Spam : v4.1.2 (Automattic)
[05/Jun/2019:20:21:49] (ℹ️): [PLUGIN] Broken Link Checker : v1.11.8 (ManageWP)
[05/Jun/2019:20:21:49] (ℹ️): [PLUGIN] Classic Editor : v1.5 (WordPress Contributors)
[05/Jun/2019:20:21:49] (ℹ️): [PLUGIN] Accordion Shortcode And Widget : v1.7.7 (wpshopmart)
[05/Jun/2019:20:21:49] (ℹ️): [PLUGIN] Blubrry PowerPress : v7.4.2 (Blubrry)
[05/Jun/2019:20:21:49] (ℹ️): [PLUGIN] Embed Any Document : v2.4.1 (Awsm Innovations)
[05/Jun/2019:20:21:49] (ℹ️): [PLUGIN] Neo Teaching Api : v1.0 (tsmith)
[05/Jun/2019:20:21:49] (ℹ️): [PLUGIN] Organize Series : v2.5.12 (Darren Ethier)
[05/Jun/2019:20:21:49] (ℹ️): [PLUGIN] Podcating mp3 List : v1.0 (Thomas Smith)
[05/Jun/2019:20:21:49] (ℹ️): [PLUGIN] cPanel Manager (from iControlWP) : v1.8.2 (iControlWP)
[05/Jun/2019:20:21:49] (ℹ️): [PLUGIN] WordPress SSL Certificate - SSL Zen : v1.1 (SSL Zen)
[05/Jun/2019:20:21:49] (ℹ️): [PLUGIN] Elementor : v2.5.16 (Elementor.com)
